Using pre-set license
Built from '2021.3/release' branch; Version is '2021.3.12f1 (8af3c3e441b1) revision 9106371'; Using compiler version '192829333'; Build Type 'Release'
OS: 'Windows 11  (10.0.22621) 64bit Professional' Language: 'ko' Physical Memory: 16052 MB
BatchMode: 1, IsHumanControllingUs: 0, StartBugReporterOnCrash: 0, Is64bit: 1, IsPro: 1

COMMAND LINE ARGUMENTS:
C:\Program Files\Unity\Hub\Editor\2021.3.12f1\Editor\Unity.exe
-adb2
-batchMode
-noUpm
-name
AssetImportWorker0
-projectPath
C:/Users/HP/Desktop/프로그래밍 폴더/unity/R-E/R-E
-logFile
Logs/AssetImportWorker0.log
-srvPort
51338
Successfully changed project path to: C:/Users/HP/Desktop/프로그래밍 폴더/unity/R-E/R-E
C:/Users/HP/Desktop/프로그래밍 폴더/unity/R-E/R-E
[UnityMemory] Configuration Parameters - Can be set up in boot.config
    "memorysetup-bucket-allocator-granularity=16"
    "memorysetup-bucket-allocator-bucket-count=8"
    "memorysetup-bucket-allocator-block-size=33554432"
    "memorysetup-bucket-allocator-block-count=8"
    "memorysetup-main-allocator-block-size=16777216"
    "memorysetup-thread-allocator-block-size=16777216"
    "memorysetup-gfx-main-allocator-block-size=16777216"
    "memorysetup-gfx-thread-allocator-block-size=16777216"
    "memorysetup-cache-allocator-block-size=4194304"
    "memorysetup-typetree-allocator-block-size=2097152"
    "memorysetup-profiler-bucket-allocator-granularity=16"
    "memorysetup-profiler-bucket-allocator-bucket-count=8"
    "memorysetup-profiler-bucket-allocator-block-size=33554432"
    "memorysetup-profiler-bucket-allocator-block-count=8"
    "memorysetup-profiler-allocator-block-size=16777216"
    "memorysetup-profiler-editor-allocator-block-size=1048576"
    "memorysetup-temp-allocator-size-main=16777216"
    "memorysetup-job-temp-allocator-block-size=2097152"
    "memorysetup-job-temp-allocator-block-size-background=1048576"
    "memorysetup-job-temp-allocator-reduction-small-platforms=262144"
    "memorysetup-temp-allocator-size-background-worker=32768"
    "memorysetup-temp-allocator-size-job-worker=262144"
    "memorysetup-temp-allocator-size-preload-manager=33554432"
    "memorysetup-temp-allocator-size-nav-mesh-worker=65536"
    "memorysetup-temp-allocator-size-audio-worker=65536"
    "memorysetup-temp-allocator-size-cloud-worker=32768"
    "memorysetup-temp-allocator-size-gi-baking-worker=262144"
    "memorysetup-temp-allocator-size-gfx=262144"
Refreshing native plugins compatible for Editor in 104.84 ms, found 3 plugins.
Preloading 0 native plugins for Editor in 0.00 ms.
Initialize engine version: 2021.3.12f1 (8af3c3e441b1)
[Subsystems] Discovering subsystems at path C:/Program Files/Unity/Hub/Editor/2021.3.12f1/Editor/Data/Resources/UnitySubsystems
[Subsystems] Discovering subsystems at path C:/Users/HP/Desktop/프로그래밍 폴더/unity/R-E/R-E/Assets
GfxDevice: creating device client; threaded=0; jobified=0
Direct3D:
    Version:  Direct3D 11.0 [level 11.1]
    Renderer: NVIDIA GeForce RTX 3050 Laptop GPU (ID=0x25a2)
    Vendor:   NVIDIA
    VRAM:     3977 MB
    Driver:   31.0.15.3640
Initialize mono
Mono path[0] = 'C:/Program Files/Unity/Hub/Editor/2021.3.12f1/Editor/Data/Managed'
Mono path[1] = 'C:/Program Files/Unity/Hub/Editor/2021.3.12f1/Editor/Data/MonoBleedingEdge/lib/mono/unityjit-win32'
Mono config path = 'C:/Program Files/Unity/Hub/Editor/2021.3.12f1/Editor/Data/MonoBleedingEdge/etc'
Using monoOptions --debugger-agent=transport=dt_socket,embedding=1,server=y,suspend=n,address=127.0.0.1:56892
Begin MonoManager ReloadAssembly
Registering precompiled unity dll's ...
Register platform support module: C:/Program Files/Unity/Hub/Editor/2021.3.12f1/Editor/Data/PlaybackEngines/WebGLSupport/UnityEditor.WebGL.Extensions.dll
Register platform support module: C:/Program Files/Unity/Hub/Editor/2021.3.12f1/Editor/Data/PlaybackEngines/WindowsStandaloneSupport/UnityEditor.WindowsStandalone.Extensions.dll
Registered in 0.016357 seconds.
Native extension for WindowsStandalone target not found
Native extension for WebGL target not found
Refreshing native plugins compatible for Editor in 63.66 ms, found 3 plugins.
Preloading 0 native plugins for Editor in 0.00 ms.
Mono: successfully reloaded assembly
- Completed reload, in  0.781 seconds
Domain Reload Profiling:
	ReloadAssembly (781ms)
		BeginReloadAssembly (159ms)
			ExecutionOrderSort (0ms)
			DisableScriptedObjects (0ms)
			BackupInstance (0ms)
			ReleaseScriptingObjects (0ms)
			CreateAndSetChildDomain (1ms)
		EndReloadAssembly (469ms)
			LoadAssemblies (153ms)
			RebuildTransferFunctionScriptingTraits (0ms)
			SetupTypeCache (126ms)
			ReleaseScriptCaches (0ms)
			RebuildScriptCaches (25ms)
			SetupLoadedEditorAssemblies (255ms)
				LogAssemblyErrors (0ms)
				InitializePlatformSupportModulesInManaged (12ms)
				SetLoadedEditorAssemblies (0ms)
				RefreshPlugins (64ms)
				BeforeProcessingInitializeOnLoad (1ms)
				ProcessInitializeOnLoadAttributes (124ms)
				ProcessInitializeOnLoadMethodAttributes (54ms)
				AfterProcessingInitializeOnLoad (0ms)
				EditorAssembliesLoaded (0ms)
			ExecutionOrderSort2 (0ms)
			AwakeInstancesAfterBackupRestoration (0ms)
Platform modules already initialized, skipping
Registering precompiled user dll's ...
Registered in 0.009415 seconds.
Begin MonoManager ReloadAssembly
Symbol file LoadedFromMemory doesn't match image C:\Users\HP\Desktop\프로그래밍 폴더\unity\R-E\R-E\Library\PackageCache\com.unity.visualscripting@1.7.8\Editor\VisualScripting.Core\Dependencies\YamlDotNet\Unity.VisualScripting.YamlDotNet.dll
Symbol file LoadedFromMemory doesn't match image C:\Users\HP\Desktop\프로그래밍 폴더\unity\R-E\R-E\Library\PackageCache\com.unity.visualscripting@1.7.8\Editor\VisualScripting.Core\Dependencies\DotNetZip\Unity.VisualScripting.IonicZip.dll
Native extension for WindowsStandalone target not found
Native extension for WebGL target not found
Refreshing native plugins compatible for Editor in 0.43 ms, found 3 plugins.
Preloading 0 native plugins for Editor in 0.00 ms.
Mono: successfully reloaded assembly
- Completed reload, in  0.976 seconds
Domain Reload Profiling:
	ReloadAssembly (976ms)
		BeginReloadAssembly (127ms)
			ExecutionOrderSort (0ms)
			DisableScriptedObjects (5ms)
			BackupInstance (0ms)
			ReleaseScriptingObjects (0ms)
			CreateAndSetChildDomain (15ms)
		EndReloadAssembly (738ms)
			LoadAssemblies (119ms)
			RebuildTransferFunctionScriptingTraits (0ms)
			SetupTypeCache (214ms)
			ReleaseScriptCaches (0ms)
			RebuildScriptCaches (39ms)
			SetupLoadedEditorAssemblies (344ms)
				LogAssemblyErrors (0ms)
				InitializePlatformSupportModulesInManaged (9ms)
				SetLoadedEditorAssemblies (0ms)
				RefreshPlugins (0ms)
				BeforeProcessingInitializeOnLoad (89ms)
				ProcessInitializeOnLoadAttributes (198ms)
				ProcessInitializeOnLoadMethodAttributes (27ms)
				AfterProcessingInitializeOnLoad (20ms)
				EditorAssembliesLoaded (0ms)
			ExecutionOrderSort2 (0ms)
			AwakeInstancesAfterBackupRestoration (8ms)
Platform modules already initialized, skipping
========================================================================
Worker process is ready to serve import requests
Launched and connected shader compiler UnityShaderCompiler.exe after 0.04 seconds
Refreshing native plugins compatible for Editor in 0.45 ms, found 3 plugins.
Preloading 0 native plugins for Editor in 0.00 ms.
Unloading 3471 Unused Serialized files (Serialized files now loaded: 0)
Unloading 27 unused Assets / (114.8 KB). Loaded Objects now: 3949.
Memory consumption went from 139.2 MB to 139.1 MB.
Total: 2.614100 ms (FindLiveObjects: 0.187600 ms CreateObjectMapping: 0.089700 ms MarkObjects: 2.221500 ms  DeleteObjects: 0.114400 ms)

AssetImportParameters requested are different than current active one (requested -> active):
  custom:video-decoder-ogg-theora: a1e56fd34408186e4bbccfd4996cb3dc -> 
  custom:container-muxer-webm: aa71ff27fc2769a1b78a27578f13a17b -> 
  custom:container-demuxer-webm: 4f35f7cbe854078d1ac9338744f61a02 -> 
  custom:video-encoder-webm-vp8: eb34c28f22e8b96e1ab97ce403110664 -> 
  custom:audio-encoder-webm-vorbis: bf7c407c2cedff20999df2af8eb42d56 -> 
  custom:framework-win-MediaFoundation: 216162199b28c13a410421893ffa2e32 -> 
  custom:container-demuxer-ogg: 62fdf1f143b41e24485cea50d1cbac27 -> 
  custom:video-decoder-webm-vp8: 9c59270c3fd7afecdb556c50c9e8de78 -> 
  custom:audio-decoder-ogg-vorbis: bf7c407c2cedff20999df2af8eb42d56 -> 
========================================================================
Received Import Request.
  Time since last request: 257944.190409 seconds.
  path: Assets/script/signal_manager.cs
  artifactKey: Guid(6d122b8fe1d9ff549bdc1baabf32da5f) Importer(815301076,1909f56bfc062723c751e8b465ee728b)
Start importing Assets/script/signal_manager.cs using Guid(6d122b8fe1d9ff549bdc1baabf32da5f) Importer(815301076,1909f56bfc062723c751e8b465ee728b)  -> (artifact id: 'c836a3e94aeed1cb68b9fe1fe2c0f540') in 0.024951 seconds 
========================================================================
Received Prepare
Registering precompiled user dll's ...
Registered in 0.007126 seconds.
Begin MonoManager ReloadAssembly
Symbol file LoadedFromMemory doesn't match image C:\Users\HP\Desktop\프로그래밍 폴더\unity\R-E\R-E\Library\PackageCache\com.unity.visualscripting@1.7.8\Editor\VisualScripting.Core\Dependencies\YamlDotNet\Unity.VisualScripting.YamlDotNet.dll
Symbol file LoadedFromMemory doesn't match image C:\Users\HP\Desktop\프로그래밍 폴더\unity\R-E\R-E\Library\PackageCache\com.unity.visualscripting@1.7.8\Editor\VisualScripting.Core\Dependencies\DotNetZip\Unity.VisualScripting.IonicZip.dll
Native extension for WindowsStandalone target not found
Native extension for WebGL target not found
Refreshing native plugins compatible for Editor in 0.56 ms, found 3 plugins.
Preloading 0 native plugins for Editor in 0.00 ms.
Mono: successfully reloaded assembly
- Completed reload, in  1.074 seconds
Domain Reload Profiling:
	ReloadAssembly (1074ms)
		BeginReloadAssembly (165ms)
			ExecutionOrderSort (0ms)
			DisableScriptedObjects (4ms)
			BackupInstance (0ms)
			ReleaseScriptingObjects (0ms)
			CreateAndSetChildDomain (28ms)
		EndReloadAssembly (777ms)
			LoadAssemblies (125ms)
			RebuildTransferFunctionScriptingTraits (0ms)
			SetupTypeCache (218ms)
			ReleaseScriptCaches (1ms)
			RebuildScriptCaches (46ms)
			SetupLoadedEditorAssemblies (320ms)
				LogAssemblyErrors (0ms)
				InitializePlatformSupportModulesInManaged (21ms)
				SetLoadedEditorAssemblies (0ms)
				RefreshPlugins (1ms)
				BeforeProcessingInitializeOnLoad (86ms)
				ProcessInitializeOnLoadAttributes (168ms)
				ProcessInitializeOnLoadMethodAttributes (28ms)
				AfterProcessingInitializeOnLoad (16ms)
				EditorAssembliesLoaded (0ms)
			ExecutionOrderSort2 (0ms)
			AwakeInstancesAfterBackupRestoration (7ms)
Platform modules already initialized, skipping
Refreshing native plugins compatible for Editor in 2.96 ms, found 3 plugins.
Preloading 0 native plugins for Editor in 0.00 ms.
Unloading 3464 Unused Serialized files (Serialized files now loaded: 0)
Unloading 20 unused Assets / (81.9 KB). Loaded Objects now: 3952.
Memory consumption went from 138.9 MB to 138.8 MB.
Total: 3.007500 ms (FindLiveObjects: 0.228300 ms CreateObjectMapping: 0.088400 ms MarkObjects: 2.573800 ms  DeleteObjects: 0.115000 ms)

AssetImportParameters requested are different than current active one (requested -> active):
  custom:video-decoder-ogg-theora: a1e56fd34408186e4bbccfd4996cb3dc -> 
  custom:container-muxer-webm: aa71ff27fc2769a1b78a27578f13a17b -> 
  custom:container-demuxer-webm: 4f35f7cbe854078d1ac9338744f61a02 -> 
  custom:video-encoder-webm-vp8: eb34c28f22e8b96e1ab97ce403110664 -> 
  custom:audio-encoder-webm-vorbis: bf7c407c2cedff20999df2af8eb42d56 -> 
  custom:framework-win-MediaFoundation: 216162199b28c13a410421893ffa2e32 -> 
  custom:container-demuxer-ogg: 62fdf1f143b41e24485cea50d1cbac27 -> 
  custom:video-decoder-webm-vp8: 9c59270c3fd7afecdb556c50c9e8de78 -> 
  custom:audio-decoder-ogg-vorbis: bf7c407c2cedff20999df2af8eb42d56 -> 
========================================================================
Received Import Request.
  Time since last request: 387.278808 seconds.
  path: Assets/Traffic System/Scripts/TrafficSystemVehicle.cs
  artifactKey: Guid(865ebb1617b39e74cb101850cc229d1e) Importer(815301076,1909f56bfc062723c751e8b465ee728b)
Start importing Assets/Traffic System/Scripts/TrafficSystemVehicle.cs using Guid(865ebb1617b39e74cb101850cc229d1e) Importer(815301076,1909f56bfc062723c751e8b465ee728b)  -> (artifact id: '42ec988d94e222521e76c0cada054589') in 0.008361 seconds 
========================================================================
Received Import Request.
  Time since last request: 690.293923 seconds.
  path: Assets/Traffic System/Scripts/TrafficSystemAttachmentPoint.cs
  artifactKey: Guid(49e3afdf20061de4c849961f27b64517) Importer(815301076,1909f56bfc062723c751e8b465ee728b)
Start importing Assets/Traffic System/Scripts/TrafficSystemAttachmentPoint.cs using Guid(49e3afdf20061de4c849961f27b64517) Importer(815301076,1909f56bfc062723c751e8b465ee728b)  -> (artifact id: 'f49401524afe936ef4265489f12c8985') in 0.010659 seconds 
========================================================================
Received Import Request.
  Time since last request: 1.007477 seconds.
  path: Assets/Traffic System/Scripts/TrafficSystemAwarenessTrigger.cs
  artifactKey: Guid(b1832d9e4ee84a044aeeecdadb435e27) Importer(815301076,1909f56bfc062723c751e8b465ee728b)
Start importing Assets/Traffic System/Scripts/TrafficSystemAwarenessTrigger.cs using Guid(b1832d9e4ee84a044aeeecdadb435e27) Importer(815301076,1909f56bfc062723c751e8b465ee728b)  -> (artifact id: '087c451a491f69b9f50e72b980e61dbc') in 0.017952 seconds 
========================================================================
Received Import Request.
  Time since last request: 0.966648 seconds.
  path: Assets/Traffic System/Scripts/TrafficSystemFollowCamera.cs
  artifactKey: Guid(39bb88db6269e9144961ca7ac9c2aff9) Importer(815301076,1909f56bfc062723c751e8b465ee728b)
Start importing Assets/Traffic System/Scripts/TrafficSystemFollowCamera.cs using Guid(39bb88db6269e9144961ca7ac9c2aff9) Importer(815301076,1909f56bfc062723c751e8b465ee728b)  -> (artifact id: '9d188178dbc0c589e71195a2f8264a5d') in 0.006361 seconds 
========================================================================
Received Import Request.
  Time since last request: 0.787349 seconds.
  path: Assets/Traffic System/Scripts/TrafficSystemIntersection.cs
  artifactKey: Guid(3137a88fe5eb0d944804fca2fd7e4b7e) Importer(815301076,1909f56bfc062723c751e8b465ee728b)
Start importing Assets/Traffic System/Scripts/TrafficSystemIntersection.cs using Guid(3137a88fe5eb0d944804fca2fd7e4b7e) Importer(815301076,1909f56bfc062723c751e8b465ee728b)  -> (artifact id: 'dbee5024787e63a835919ed1bea44beb') in 0.005759 seconds 
========================================================================
Received Import Request.
  Time since last request: 3.322486 seconds.
  path: Assets/Traffic System/Scripts/TrafficSystemVehiclePlayerAuto.cs
  artifactKey: Guid(854d6974a29248a4a92435ddbc11ba45) Importer(815301076,1909f56bfc062723c751e8b465ee728b)
Start importing Assets/Traffic System/Scripts/TrafficSystemVehiclePlayerAuto.cs using Guid(854d6974a29248a4a92435ddbc11ba45) Importer(815301076,1909f56bfc062723c751e8b465ee728b)  -> (artifact id: '16cec3e06457cad5e004320cf9308b38') in 0.023150 seconds 
========================================================================
Received Import Request.
  Time since last request: 0.920462 seconds.
  path: Assets/Traffic System/Scripts/TrafficSystemVehiclePlayer.cs
  artifactKey: Guid(eff9c75fdde32ec42bf374827c893448) Importer(815301076,1909f56bfc062723c751e8b465ee728b)
Start importing Assets/Traffic System/Scripts/TrafficSystemVehiclePlayer.cs using Guid(eff9c75fdde32ec42bf374827c893448) Importer(815301076,1909f56bfc062723c751e8b465ee728b)  -> (artifact id: 'ed1ef625d918c664135bf9c5447200c9') in 0.008174 seconds 
========================================================================
Received Import Request.
  Time since last request: 1.773000 seconds.
  path: Assets/Traffic System/Scripts/TrafficSystemUI.cs
  artifactKey: Guid(178b92c9b3c1a8d458bcb882aab3eccf) Importer(815301076,1909f56bfc062723c751e8b465ee728b)
Start importing Assets/Traffic System/Scripts/TrafficSystemUI.cs using Guid(178b92c9b3c1a8d458bcb882aab3eccf) Importer(815301076,1909f56bfc062723c751e8b465ee728b)  -> (artifact id: '81af0590c31ce4a4c3cb6f760c6f4fe1') in 0.005964 seconds 
========================================================================
Received Import Request.
  Time since last request: 0.769388 seconds.
  path: Assets/Traffic System/Scripts/TrafficSystemTrafficLight.cs
  artifactKey: Guid(d5319eabde8299f42935909604b3f9a1) Importer(815301076,1909f56bfc062723c751e8b465ee728b)
Start importing Assets/Traffic System/Scripts/TrafficSystemTrafficLight.cs using Guid(d5319eabde8299f42935909604b3f9a1) Importer(815301076,1909f56bfc062723c751e8b465ee728b)  -> (artifact id: '6eb7f8c7f15e194e782b73825d5fa45e') in 0.025814 seconds 
========================================================================
Received Import Request.
  Time since last request: 0.842320 seconds.
  path: Assets/Traffic System/Scripts/TrafficSystemToolTip.cs
  artifactKey: Guid(658aaacd0be5b5743a2a92bfa285a0fe) Importer(815301076,1909f56bfc062723c751e8b465ee728b)
Start importing Assets/Traffic System/Scripts/TrafficSystemToolTip.cs using Guid(658aaacd0be5b5743a2a92bfa285a0fe) Importer(815301076,1909f56bfc062723c751e8b465ee728b)  -> (artifact id: '03bc96a84d13f147f5f1ffaabbeb1385') in 0.008163 seconds 
========================================================================
Received Import Request.
  Time since last request: 0.966739 seconds.
  path: Assets/Traffic System/Scripts/TrafficSystemRoundaboutTrigger.cs
  artifactKey: Guid(6a288874e80e541488cc011a4005136f) Importer(815301076,1909f56bfc062723c751e8b465ee728b)
Start importing Assets/Traffic System/Scripts/TrafficSystemRoundaboutTrigger.cs using Guid(6a288874e80e541488cc011a4005136f) Importer(815301076,1909f56bfc062723c751e8b465ee728b)  -> (artifact id: 'e8730624af8b96d040da42eb7a7c8e11') in 0.004492 seconds 
========================================================================
Received Import Request.
  Time since last request: 0.891313 seconds.
  path: Assets/Traffic System/Scripts/TrafficSystemPiece.cs
  artifactKey: Guid(6d60033c01818ec47b987e3a0f934dd0) Importer(815301076,1909f56bfc062723c751e8b465ee728b)
Start importing Assets/Traffic System/Scripts/TrafficSystemPiece.cs using Guid(6d60033c01818ec47b987e3a0f934dd0) Importer(815301076,1909f56bfc062723c751e8b465ee728b)  -> (artifact id: '76aa39c307ee0568864b41027f13914d') in 0.007655 seconds 
========================================================================
Received Prepare
Registering precompiled user dll's ...
Registered in 0.006980 seconds.
Begin MonoManager ReloadAssembly
Symbol file LoadedFromMemory doesn't match image C:\Users\HP\Desktop\프로그래밍 폴더\unity\R-E\R-E\Library\PackageCache\com.unity.visualscripting@1.7.8\Editor\VisualScripting.Core\Dependencies\YamlDotNet\Unity.VisualScripting.YamlDotNet.dll
Symbol file LoadedFromMemory doesn't match image C:\Users\HP\Desktop\프로그래밍 폴더\unity\R-E\R-E\Library\PackageCache\com.unity.visualscripting@1.7.8\Editor\VisualScripting.Core\Dependencies\DotNetZip\Unity.VisualScripting.IonicZip.dll
Native extension for WindowsStandalone target not found
Native extension for WebGL target not found
Refreshing native plugins compatible for Editor in 0.51 ms, found 3 plugins.
Preloading 0 native plugins for Editor in 0.00 ms.
Mono: successfully reloaded assembly
- Completed reload, in  1.041 seconds
Domain Reload Profiling:
	ReloadAssembly (1041ms)
		BeginReloadAssembly (189ms)
			ExecutionOrderSort (0ms)
			DisableScriptedObjects (4ms)
			BackupInstance (0ms)
			ReleaseScriptingObjects (0ms)
			CreateAndSetChildDomain (41ms)
		EndReloadAssembly (736ms)
			LoadAssemblies (134ms)
			RebuildTransferFunctionScriptingTraits (0ms)
			SetupTypeCache (238ms)
			ReleaseScriptCaches (1ms)
			RebuildScriptCaches (45ms)
			SetupLoadedEditorAssemblies (308ms)
				LogAssemblyErrors (0ms)
				InitializePlatformSupportModulesInManaged (18ms)
				SetLoadedEditorAssemblies (0ms)
				RefreshPlugins (1ms)
				BeforeProcessingInitializeOnLoad (78ms)
				ProcessInitializeOnLoadAttributes (172ms)
				ProcessInitializeOnLoadMethodAttributes (24ms)
				AfterProcessingInitializeOnLoad (15ms)
				EditorAssembliesLoaded (0ms)
			ExecutionOrderSort2 (0ms)
			AwakeInstancesAfterBackupRestoration (8ms)
Platform modules already initialized, skipping
Refreshing native plugins compatible for Editor in 2.76 ms, found 3 plugins.
Preloading 0 native plugins for Editor in 0.00 ms.
Unloading 3464 Unused Serialized files (Serialized files now loaded: 0)
Unloading 20 unused Assets / (81.8 KB). Loaded Objects now: 3955.
Memory consumption went from 138.9 MB to 138.8 MB.
Total: 2.730400 ms (FindLiveObjects: 0.174200 ms CreateObjectMapping: 0.079500 ms MarkObjects: 2.377600 ms  DeleteObjects: 0.098000 ms)

AssetImportParameters requested are different than current active one (requested -> active):
  custom:video-decoder-ogg-theora: a1e56fd34408186e4bbccfd4996cb3dc -> 
  custom:container-muxer-webm: aa71ff27fc2769a1b78a27578f13a17b -> 
  custom:container-demuxer-webm: 4f35f7cbe854078d1ac9338744f61a02 -> 
  custom:video-encoder-webm-vp8: eb34c28f22e8b96e1ab97ce403110664 -> 
  custom:audio-encoder-webm-vorbis: bf7c407c2cedff20999df2af8eb42d56 -> 
  custom:framework-win-MediaFoundation: 216162199b28c13a410421893ffa2e32 -> 
  custom:container-demuxer-ogg: 62fdf1f143b41e24485cea50d1cbac27 -> 
  custom:video-decoder-webm-vp8: 9c59270c3fd7afecdb556c50c9e8de78 -> 
  custom:audio-decoder-ogg-vorbis: bf7c407c2cedff20999df2af8eb42d56 -> 
========================================================================
Received Prepare
Registering precompiled user dll's ...
Registered in 0.007757 seconds.
Begin MonoManager ReloadAssembly
Symbol file LoadedFromMemory doesn't match image C:\Users\HP\Desktop\프로그래밍 폴더\unity\R-E\R-E\Library\PackageCache\com.unity.visualscripting@1.7.8\Editor\VisualScripting.Core\Dependencies\YamlDotNet\Unity.VisualScripting.YamlDotNet.dll
Symbol file LoadedFromMemory doesn't match image C:\Users\HP\Desktop\프로그래밍 폴더\unity\R-E\R-E\Library\PackageCache\com.unity.visualscripting@1.7.8\Editor\VisualScripting.Core\Dependencies\DotNetZip\Unity.VisualScripting.IonicZip.dll
Native extension for WindowsStandalone target not found
Native extension for WebGL target not found
Refreshing native plugins compatible for Editor in 0.46 ms, found 3 plugins.
Preloading 0 native plugins for Editor in 0.00 ms.
Mono: successfully reloaded assembly
- Completed reload, in  1.053 seconds
Domain Reload Profiling:
	ReloadAssembly (1053ms)
		BeginReloadAssembly (151ms)
			ExecutionOrderSort (0ms)
			DisableScriptedObjects (4ms)
			BackupInstance (0ms)
			ReleaseScriptingObjects (0ms)
			CreateAndSetChildDomain (31ms)
		EndReloadAssembly (801ms)
			LoadAssemblies (115ms)
			RebuildTransferFunctionScriptingTraits (0ms)
			SetupTypeCache (206ms)
			ReleaseScriptCaches (1ms)
			RebuildScriptCaches (31ms)
			SetupLoadedEditorAssemblies (423ms)
				LogAssemblyErrors (0ms)
				InitializePlatformSupportModulesInManaged (16ms)
				SetLoadedEditorAssemblies (0ms)
				RefreshPlugins (1ms)
				BeforeProcessingInitializeOnLoad (86ms)
				ProcessInitializeOnLoadAttributes (273ms)
				ProcessInitializeOnLoadMethodAttributes (25ms)
				AfterProcessingInitializeOnLoad (21ms)
				EditorAssembliesLoaded (0ms)
			ExecutionOrderSort2 (0ms)
			AwakeInstancesAfterBackupRestoration (10ms)
Platform modules already initialized, skipping
Refreshing native plugins compatible for Editor in 2.55 ms, found 3 plugins.
Preloading 0 native plugins for Editor in 0.00 ms.
Unloading 3464 Unused Serialized files (Serialized files now loaded: 0)
Unloading 20 unused Assets / (81.8 KB). Loaded Objects now: 3958.
Memory consumption went from 138.9 MB to 138.8 MB.
Total: 3.102200 ms (FindLiveObjects: 0.229400 ms CreateObjectMapping: 0.102700 ms MarkObjects: 2.643200 ms  DeleteObjects: 0.125200 ms)

AssetImportParameters requested are different than current active one (requested -> active):
  custom:video-decoder-ogg-theora: a1e56fd34408186e4bbccfd4996cb3dc -> 
  custom:container-muxer-webm: aa71ff27fc2769a1b78a27578f13a17b -> 
  custom:container-demuxer-webm: 4f35f7cbe854078d1ac9338744f61a02 -> 
  custom:video-encoder-webm-vp8: eb34c28f22e8b96e1ab97ce403110664 -> 
  custom:audio-encoder-webm-vorbis: bf7c407c2cedff20999df2af8eb42d56 -> 
  custom:framework-win-MediaFoundation: 216162199b28c13a410421893ffa2e32 -> 
  custom:container-demuxer-ogg: 62fdf1f143b41e24485cea50d1cbac27 -> 
  custom:video-decoder-webm-vp8: 9c59270c3fd7afecdb556c50c9e8de78 -> 
  custom:audio-decoder-ogg-vorbis: bf7c407c2cedff20999df2af8eb42d56 -> 
========================================================================
Received Import Request.
  Time since last request: 6143.848115 seconds.
  path: Assets/mobel/Prefab/road.prefab
  artifactKey: Guid(c9488ed418626ca4da7c2317c43a17d1) Importer(815301076,1909f56bfc062723c751e8b465ee728b)
Start importing Assets/mobel/Prefab/road.prefab using Guid(c9488ed418626ca4da7c2317c43a17d1) Importer(815301076,1909f56bfc062723c751e8b465ee728b)  -> (artifact id: 'fe5513601a7339d4fc944b9ae07f43a2') in 0.237960 seconds 
========================================================================
Received Import Request.
  Time since last request: 0.000017 seconds.
  path: Assets/mobel/Prefab/temporary_car_mobel.prefab
  artifactKey: Guid(89f470af2da61464eadb2140a414008d) Importer(815301076,1909f56bfc062723c751e8b465ee728b)
Start importing Assets/mobel/Prefab/temporary_car_mobel.prefab using Guid(89f470af2da61464eadb2140a414008d) Importer(815301076,1909f56bfc062723c751e8b465ee728b)  -> (artifact id: '387ea4819b17f9450918e902124b1514') in 0.078922 seconds 
========================================================================
Received Prepare
Registering precompiled user dll's ...
Registered in 0.008134 seconds.
Begin MonoManager ReloadAssembly
Symbol file LoadedFromMemory doesn't match image C:\Users\HP\Desktop\프로그래밍 폴더\unity\R-E\R-E\Library\PackageCache\com.unity.visualscripting@1.7.8\Editor\VisualScripting.Core\Dependencies\YamlDotNet\Unity.VisualScripting.YamlDotNet.dll
Symbol file LoadedFromMemory doesn't match image C:\Users\HP\Desktop\프로그래밍 폴더\unity\R-E\R-E\Library\PackageCache\com.unity.visualscripting@1.7.8\Editor\VisualScripting.Core\Dependencies\DotNetZip\Unity.VisualScripting.IonicZip.dll
Native extension for WindowsStandalone target not found
Native extension for WebGL target not found
Refreshing native plugins compatible for Editor in 0.83 ms, found 3 plugins.
Preloading 0 native plugins for Editor in 0.00 ms.
Mono: successfully reloaded assembly
- Completed reload, in  1.094 seconds
Domain Reload Profiling:
	ReloadAssembly (1095ms)
		BeginReloadAssembly (148ms)
			ExecutionOrderSort (0ms)
			DisableScriptedObjects (3ms)
			BackupInstance (0ms)
			ReleaseScriptingObjects (0ms)
			CreateAndSetChildDomain (30ms)
		EndReloadAssembly (844ms)
			LoadAssemblies (116ms)
			RebuildTransferFunctionScriptingTraits (0ms)
			SetupTypeCache (229ms)
			ReleaseScriptCaches (1ms)
			RebuildScriptCaches (36ms)
			SetupLoadedEditorAssemblies (429ms)
				LogAssemblyErrors (0ms)
				InitializePlatformSupportModulesInManaged (35ms)
				SetLoadedEditorAssemblies (1ms)
				RefreshPlugins (1ms)
				BeforeProcessingInitializeOnLoad (143ms)
				ProcessInitializeOnLoadAttributes (207ms)
				ProcessInitializeOnLoadMethodAttributes (27ms)
				AfterProcessingInitializeOnLoad (15ms)
				EditorAssembliesLoaded (0ms)
			ExecutionOrderSort2 (0ms)
			AwakeInstancesAfterBackupRestoration (10ms)
Platform modules already initialized, skipping
Refreshing native plugins compatible for Editor in 2.56 ms, found 3 plugins.
Preloading 0 native plugins for Editor in 0.00 ms.
Unloading 3464 Unused Serialized files (Serialized files now loaded: 0)
Unloading 20 unused Assets / (82.0 KB). Loaded Objects now: 3972.
Memory consumption went from 143.3 MB to 143.2 MB.
Total: 2.787200 ms (FindLiveObjects: 0.281400 ms CreateObjectMapping: 0.098700 ms MarkObjects: 2.296900 ms  DeleteObjects: 0.108900 ms)

AssetImportParameters requested are different than current active one (requested -> active):
  custom:video-decoder-ogg-theora: a1e56fd34408186e4bbccfd4996cb3dc -> 
  custom:container-muxer-webm: aa71ff27fc2769a1b78a27578f13a17b -> 
  custom:container-demuxer-webm: 4f35f7cbe854078d1ac9338744f61a02 -> 
  custom:video-encoder-webm-vp8: eb34c28f22e8b96e1ab97ce403110664 -> 
  custom:audio-encoder-webm-vorbis: bf7c407c2cedff20999df2af8eb42d56 -> 
  custom:framework-win-MediaFoundation: 216162199b28c13a410421893ffa2e32 -> 
  custom:container-demuxer-ogg: 62fdf1f143b41e24485cea50d1cbac27 -> 
  custom:video-decoder-webm-vp8: 9c59270c3fd7afecdb556c50c9e8de78 -> 
  custom:audio-decoder-ogg-vorbis: bf7c407c2cedff20999df2af8eb42d56 -> 
========================================================================
Received Prepare
Registering precompiled user dll's ...
Registered in 0.009152 seconds.
Begin MonoManager ReloadAssembly
Symbol file LoadedFromMemory doesn't match image C:\Users\HP\Desktop\프로그래밍 폴더\unity\R-E\R-E\Library\PackageCache\com.unity.visualscripting@1.7.8\Editor\VisualScripting.Core\Dependencies\YamlDotNet\Unity.VisualScripting.YamlDotNet.dll
Symbol file LoadedFromMemory doesn't match image C:\Users\HP\Desktop\프로그래밍 폴더\unity\R-E\R-E\Library\PackageCache\com.unity.visualscripting@1.7.8\Editor\VisualScripting.Core\Dependencies\DotNetZip\Unity.VisualScripting.IonicZip.dll
Native extension for WindowsStandalone target not found
Native extension for WebGL target not found
Refreshing native plugins compatible for Editor in 0.52 ms, found 3 plugins.
Preloading 0 native plugins for Editor in 0.00 ms.
Mono: successfully reloaded assembly
- Completed reload, in  1.052 seconds
Domain Reload Profiling:
	ReloadAssembly (1053ms)
		BeginReloadAssembly (157ms)
			ExecutionOrderSort (0ms)
			DisableScriptedObjects (4ms)
			BackupInstance (0ms)
			ReleaseScriptingObjects (0ms)
			CreateAndSetChildDomain (31ms)
		EndReloadAssembly (796ms)
			LoadAssemblies (124ms)
			RebuildTransferFunctionScriptingTraits (0ms)
			SetupTypeCache (228ms)
			ReleaseScriptCaches (1ms)
			RebuildScriptCaches (37ms)
			SetupLoadedEditorAssemblies (376ms)
				LogAssemblyErrors (0ms)
				InitializePlatformSupportModulesInManaged (22ms)
				SetLoadedEditorAssemblies (0ms)
				RefreshPlugins (1ms)
				BeforeProcessingInitializeOnLoad (119ms)
				ProcessInitializeOnLoadAttributes (187ms)
				ProcessInitializeOnLoadMethodAttributes (25ms)
				AfterProcessingInitializeOnLoad (21ms)
				EditorAssembliesLoaded (0ms)
			ExecutionOrderSort2 (0ms)
			AwakeInstancesAfterBackupRestoration (8ms)
Platform modules already initialized, skipping
Refreshing native plugins compatible for Editor in 2.25 ms, found 3 plugins.
Preloading 0 native plugins for Editor in 0.00 ms.
Unloading 3464 Unused Serialized files (Serialized files now loaded: 0)
Unloading 20 unused Assets / (82.0 KB). Loaded Objects now: 3975.
Memory consumption went from 143.3 MB to 143.2 MB.
Total: 2.761500 ms (FindLiveObjects: 0.207100 ms CreateObjectMapping: 0.095000 ms MarkObjects: 2.341700 ms  DeleteObjects: 0.116500 ms)

AssetImportParameters requested are different than current active one (requested -> active):
  custom:video-decoder-ogg-theora: a1e56fd34408186e4bbccfd4996cb3dc -> 
  custom:container-muxer-webm: aa71ff27fc2769a1b78a27578f13a17b -> 
  custom:container-demuxer-webm: 4f35f7cbe854078d1ac9338744f61a02 -> 
  custom:video-encoder-webm-vp8: eb34c28f22e8b96e1ab97ce403110664 -> 
  custom:audio-encoder-webm-vorbis: bf7c407c2cedff20999df2af8eb42d56 -> 
  custom:framework-win-MediaFoundation: 216162199b28c13a410421893ffa2e32 -> 
  custom:container-demuxer-ogg: 62fdf1f143b41e24485cea50d1cbac27 -> 
  custom:video-decoder-webm-vp8: 9c59270c3fd7afecdb556c50c9e8de78 -> 
  custom:audio-decoder-ogg-vorbis: bf7c407c2cedff20999df2af8eb42d56 -> 
========================================================================
Received Prepare
Registering precompiled user dll's ...
Registered in 0.016704 seconds.
Begin MonoManager ReloadAssembly
Symbol file LoadedFromMemory doesn't match image C:\Users\HP\Desktop\프로그래밍 폴더\unity\R-E\R-E\Library\PackageCache\com.unity.visualscripting@1.7.8\Editor\VisualScripting.Core\Dependencies\YamlDotNet\Unity.VisualScripting.YamlDotNet.dll
Symbol file LoadedFromMemory doesn't match image C:\Users\HP\Desktop\프로그래밍 폴더\unity\R-E\R-E\Library\PackageCache\com.unity.visualscripting@1.7.8\Editor\VisualScripting.Core\Dependencies\DotNetZip\Unity.VisualScripting.IonicZip.dll
Native extension for WindowsStandalone target not found
Native extension for WebGL target not found
Refreshing native plugins compatible for Editor in 0.70 ms, found 3 plugins.
Preloading 0 native plugins for Editor in 0.00 ms.
Mono: successfully reloaded assembly
- Completed reload, in  1.468 seconds
Domain Reload Profiling:
	ReloadAssembly (1469ms)
		BeginReloadAssembly (189ms)
			ExecutionOrderSort (0ms)
			DisableScriptedObjects (6ms)
			BackupInstance (0ms)
			ReleaseScriptingObjects (0ms)
			CreateAndSetChildDomain (37ms)
		EndReloadAssembly (1142ms)
			LoadAssemblies (139ms)
			RebuildTransferFunctionScriptingTraits (0ms)
			SetupTypeCache (312ms)
			ReleaseScriptCaches (2ms)
			RebuildScriptCaches (68ms)
			SetupLoadedEditorAssemblies (564ms)
				LogAssemblyErrors (0ms)
				InitializePlatformSupportModulesInManaged (25ms)
				SetLoadedEditorAssemblies (1ms)
				RefreshPlugins (1ms)
				BeforeProcessingInitializeOnLoad (126ms)
				ProcessInitializeOnLoadAttributes (330ms)
				ProcessInitializeOnLoadMethodAttributes (49ms)
				AfterProcessingInitializeOnLoad (33ms)
				EditorAssembliesLoaded (0ms)
			ExecutionOrderSort2 (0ms)
			AwakeInstancesAfterBackupRestoration (18ms)
Platform modules already initialized, skipping
Refreshing native plugins compatible for Editor in 7.22 ms, found 3 plugins.
Preloading 0 native plugins for Editor in 0.00 ms.
Unloading 3464 Unused Serialized files (Serialized files now loaded: 0)
Unloading 20 unused Assets / (82.0 KB). Loaded Objects now: 3978.
Memory consumption went from 143.3 MB to 143.3 MB.
Total: 8.029500 ms (FindLiveObjects: 0.377600 ms CreateObjectMapping: 0.466400 ms MarkObjects: 6.964000 ms  DeleteObjects: 0.218900 ms)

AssetImportParameters requested are different than current active one (requested -> active):
  custom:video-decoder-ogg-theora: a1e56fd34408186e4bbccfd4996cb3dc -> 
  custom:container-muxer-webm: aa71ff27fc2769a1b78a27578f13a17b -> 
  custom:container-demuxer-webm: 4f35f7cbe854078d1ac9338744f61a02 -> 
  custom:video-encoder-webm-vp8: eb34c28f22e8b96e1ab97ce403110664 -> 
  custom:audio-encoder-webm-vorbis: bf7c407c2cedff20999df2af8eb42d56 -> 
  custom:framework-win-MediaFoundation: 216162199b28c13a410421893ffa2e32 -> 
  custom:container-demuxer-ogg: 62fdf1f143b41e24485cea50d1cbac27 -> 
  custom:video-decoder-webm-vp8: 9c59270c3fd7afecdb556c50c9e8de78 -> 
  custom:audio-decoder-ogg-vorbis: bf7c407c2cedff20999df2af8eb42d56 -> 
========================================================================
Received Import Request.
  Time since last request: 855.166029 seconds.
  path: Assets/Traffic System/Materials/Terrain.mat
  artifactKey: Guid(f8e75ae7722640b42b97b1942d234bb5) Importer(815301076,1909f56bfc062723c751e8b465ee728b)
Start importing Assets/Traffic System/Materials/Terrain.mat using Guid(f8e75ae7722640b42b97b1942d234bb5) Importer(815301076,1909f56bfc062723c751e8b465ee728b)  -> (artifact id: '0a1ba8ce7a374c2c5a12dce3882cdc9c') in 0.306764 seconds 
========================================================================
Received Import Request.
  Time since last request: 0.000041 seconds.
  path: Assets/Traffic System/Materials/Traffic_Light_Glow_Green.mat
  artifactKey: Guid(547508de9cd84a841a428eaf564183f7) Importer(815301076,1909f56bfc062723c751e8b465ee728b)
Start importing Assets/Traffic System/Materials/Traffic_Light_Glow_Green.mat using Guid(547508de9cd84a841a428eaf564183f7) Importer(815301076,1909f56bfc062723c751e8b465ee728b)  -> (artifact id: '6a3f7f59c330866c3d33fe79aa9c5450') in 0.022492 seconds 
========================================================================
Received Import Request.
  Time since last request: 0.000051 seconds.
  path: Assets/Traffic System/Materials/Traffic System Traffic Light.mat
  artifactKey: Guid(04e1b1d9c9656fe448d7399527c24af2) Importer(815301076,1909f56bfc062723c751e8b465ee728b)
Start importing Assets/Traffic System/Materials/Traffic System Traffic Light.mat using Guid(04e1b1d9c9656fe448d7399527c24af2) Importer(815301076,1909f56bfc062723c751e8b465ee728b)  -> (artifact id: 'f52954ae80366b177edc1581b3438ddd') in 0.016855 seconds 
========================================================================
Received Import Request.
  Time since last request: 0.000041 seconds.
  path: Assets/Traffic System/Materials/Traffic System Secondary Node Left.mat
  artifactKey: Guid(accd2f71b5988674f97b673a41dea475) Importer(815301076,1909f56bfc062723c751e8b465ee728b)
Start importing Assets/Traffic System/Materials/Traffic System Secondary Node Left.mat using Guid(accd2f71b5988674f97b673a41dea475) Importer(815301076,1909f56bfc062723c751e8b465ee728b)  -> (artifact id: '24d9d74ba8f9b02b871290b8910f3811') in 0.026826 seconds 
========================================================================
Received Import Request.
  Time since last request: 0.000032 seconds.
  path: Assets/Traffic System/Materials/Traffic System Vehicle Base Forward.mat
  artifactKey: Guid(750264a9d85732346b68378f02ed51c1) Importer(815301076,1909f56bfc062723c751e8b465ee728b)
Start importing Assets/Traffic System/Materials/Traffic System Vehicle Base Forward.mat using Guid(750264a9d85732346b68378f02ed51c1) Importer(815301076,1909f56bfc062723c751e8b465ee728b)  -> (artifact id: 'd9e2788e9ebf60060289af9c209282e5') in 0.014165 seconds 
========================================================================
Received Import Request.
  Time since last request: 0.000033 seconds.
  path: Assets/Traffic System/Materials/Traffic_Light_Glow.mat
  artifactKey: Guid(196253e32b1798148a149d3ee4c9f046) Importer(815301076,1909f56bfc062723c751e8b465ee728b)
Start importing Assets/Traffic System/Materials/Traffic_Light_Glow.mat using Guid(196253e32b1798148a149d3ee4c9f046) Importer(815301076,1909f56bfc062723c751e8b465ee728b)  -> (artifact id: '47a21133d37fe61f8af27f0693629a1b') in 0.014502 seconds 
========================================================================
Received Import Request.
  Time since last request: 0.000048 seconds.
  path: Assets/Traffic System/Materials/Traffic System Primary Node Left.mat
  artifactKey: Guid(6bc093d37eff14b4abb937a640ba841a) Importer(815301076,1909f56bfc062723c751e8b465ee728b)
Start importing Assets/Traffic System/Materials/Traffic System Primary Node Left.mat using Guid(6bc093d37eff14b4abb937a640ba841a) Importer(815301076,1909f56bfc062723c751e8b465ee728b)  -> (artifact id: '4080c45d480c57cb38a14c38e24c1138') in 0.016006 seconds 
========================================================================
Received Import Request.
  Time since last request: 0.000040 seconds.
  path: Assets/Traffic System/Materials/Tooltip_Debug.mat
  artifactKey: Guid(f9b1b74272196f34e98ed783411bff15) Importer(815301076,1909f56bfc062723c751e8b465ee728b)
Start importing Assets/Traffic System/Materials/Tooltip_Debug.mat using Guid(f9b1b74272196f34e98ed783411bff15) Importer(815301076,1909f56bfc062723c751e8b465ee728b)  -> (artifact id: 'eee2d2b453c7b8dcb3656a5be93e93d4') in 0.012084 seconds 
Editor requested this worker to shutdown with reason: Scaling down because of idle timeout
AssetImportWorkerClient::OnTransportError - code=2 error=End of file
AssetImportWorker is now disconnected from the server
Process exiting
Exiting without the bug reporter. Application will terminate with return code 0